<?xml version="1.0" encoding="UTF-8"?>
<testng-results skipped="0" failed="0" total="2" passed="2">
  <reporter-output>
  </reporter-output>
  <suite name="PrimusBank Test Suite" duration-ms="3743" started-at="2020-01-08T05:52:31Z" finished-at="2020-01-08T05:52:35Z">
    <groups>
    </groups>
    <test name="Admin Login TestCase" duration-ms="2942" started-at="2020-01-08T05:52:31Z" finished-at="2020-01-08T05:52:34Z">
      <class name="primusbank.tests.AdminLoginTest">
        <test-method status="PASS" signature="checkAdminLogin(java.lang.String, java.lang.String)[pri:0, instance:primusbank.tests.AdminLoginTest@4b6995df]" name="checkAdminLogin" duration-ms="2924" started-at="2020-01-08T11:22:31Z" finished-at="2020-01-08T11:22:34Z">
          <params>
            <param index="0">
              <value>
                <![CDATA[Admin1]]>
              </value>
            </param>
            <param index="1">
              <value>
                <![CDATA[Admin1]]>
              </value>
            </param>
          </params>
          <reporter-output>
          </reporter-output>
        </test-method> <!-- checkAdminLogin -->
      </class> <!-- primusbank.tests.AdminLoginTest -->
    </test> <!-- Admin Login TestCase -->
    <test name="Banker Login TestCase" duration-ms="754" started-at="2020-01-08T05:52:34Z" finished-at="2020-01-08T05:52:35Z">
      <class name="primusbank.tests.BankerLoginTest">
        <test-method status="PASS" signature="launchApp()[pri:0, instance:primusbank.tests.BankerLoginTest@6ad5c04e]" name="launchApp" is-config="true" duration-ms="7196" started-at="2020-01-08T11:22:24Z" finished-at="2020-01-08T11:22:31Z">
          <reporter-output>
          </reporter-output>
        </test-method> <!-- launchApp -->
        <test-method status="PASS" signature="checkBankerLogin(java.lang.String, java.lang.String, java.lang.String)[pri:0, instance:primusbank.tests.BankerLoginTest@6ad5c04e]" name="checkBankerLogin" duration-ms="754" started-at="2020-01-08T11:22:34Z" finished-at="2020-01-08T11:22:35Z">
          <params>
            <param index="0">
              <value>
                <![CDATA[Ameerpet]]>
              </value>
            </param>
            <param index="1">
              <value>
                <![CDATA[john]]>
              </value>
            </param>
            <param index="2">
              <value>
                <![CDATA[demo]]>
              </value>
            </param>
          </params>
          <reporter-output>
          </reporter-output>
        </test-method> <!-- checkBankerLogin -->
        <test-method status="PASS" signature="closeApp()[pri:0, instance:primusbank.tests.BankerLoginTest@6ad5c04e]" name="closeApp" is-config="true" duration-ms="94" started-at="2020-01-08T11:22:35Z" finished-at="2020-01-08T11:22:35Z">
          <reporter-output>
          </reporter-output>
        </test-method> <!-- closeApp -->
      </class> <!-- primusbank.tests.BankerLoginTest -->
    </test> <!-- Banker Login TestCase -->
  </suite> <!-- PrimusBank Test Suite -->
</testng-results>
